Compiled jquery.js  (1ms)  (pid 12164)
Compiled jquery_ujs.js  (0ms)  (pid 12164)
Compiled bootstrap-transition.js  (0ms)  (pid 12164)
Compiled bootstrap-affix.js  (0ms)  (pid 12164)
Compiled bootstrap-alert.js  (0ms)  (pid 12164)
Compiled bootstrap-button.js  (0ms)  (pid 12164)
Compiled bootstrap-carousel.js  (0ms)  (pid 12164)
Compiled bootstrap-collapse.js  (0ms)  (pid 12164)
Compiled bootstrap-dropdown.js  (0ms)  (pid 12164)
Compiled bootstrap-modal.js  (0ms)  (pid 12164)
Compiled bootstrap-scrollspy.js  (0ms)  (pid 12164)
Compiled bootstrap-tab.js  (0ms)  (pid 12164)
Compiled bootstrap-tooltip.js  (0ms)  (pid 12164)
Compiled bootstrap-popover.js  (0ms)  (pid 12164)
Compiled bootstrap-typeahead.js  (0ms)  (pid 12164)
Compiled bootstrap.js  (97ms)  (pid 12164)
Compiled stripe.js  (0ms)  (pid 12164)
Compiled billing.js  (192ms)  (pid 12164)
Compiled cardinfos.js  (0ms)  (pid 12164)
Compiled forms.js  (0ms)  (pid 12164)
Compiled mappings.js  (0ms)  (pid 12164)
Compiled myform.js  (0ms)  (pid 12164)
Compiled pings.js  (0ms)  (pid 12164)
Compiled plans.js  (0ms)  (pid 12164)
Compiled users/omniauth_callbacks.js  (0ms)  (pid 12164)
Compiled application.js  (379ms)  (pid 12164)
Compiled billing.css  (32ms)  (pid 12164)
Compiled bootstrap_and_overrides.css  (1662ms)  (pid 12164)
Compiled cardinfos.css  (1ms)  (pid 12164)
Compiled mappings.css  (0ms)  (pid 12164)
Compiled pings.css  (0ms)  (pid 12164)
Compiled plans.css  (0ms)  (pid 12164)
Compiled rails_admin/aristo/jquery-ui-1.8.7.custom.css  (323ms)  (pid 12164)
Compiled rails_admin/base/mixins.css  (1ms)  (pid 12164)
Compiled rails_admin/base/variables.css  (0ms)  (pid 12164)
Compiled rails_admin/custom/mixins.css  (1ms)  (pid 12164)
Compiled rails_admin/custom/theming.css  (29ms)  (pid 12164)
Compiled rails_admin/custom/variables.css  (1ms)  (pid 12164)
Compiled rails_admin/themes/default/variables.css  (0ms)  (pid 12164)
Compiled rails_admin/themes/default/mixins.css  (0ms)  (pid 12164)
Compiled rails_admin/themes/default/theming.css  (0ms)  (pid 12164)
Compiled rails_admin/imports.css  (1415ms)  (pid 12164)
Compiled rails_admin/jquery.colorpicker.css  (7ms)  (pid 12164)
Compiled rails_admin/jquery.ui.timepicker.css  (9ms)  (pid 12164)
Compiled rails_admin/ra.calendar-additions.css  (1ms)  (pid 12164)
Compiled rails_admin/ra.filtering-multiselect.css  (6ms)  (pid 12164)
Compiled rails_admin/rails_admin.css  (0ms)  (pid 12164)
Compiled rails_admin/themes/cerulean/mixins.css  (0ms)  (pid 12164)
Compiled rails_admin/themes/cerulean/theming.css  (0ms)  (pid 12164)
Compiled rails_admin/themes/cerulean/variables.css  (0ms)  (pid 12164)
Compiled users/omniauth_callbacks.css  (1ms)  (pid 12164)
Compiled application.css  (3600ms)  (pid 12164)
